Traceback (most recent call last):
  File "C:\Users\shinki\Anaconda3\lib\site-packages\jupyter_cache\executors\utils.py", line 51, in single_nb_execution
    executenb(
  File "C:\Users\shinki\Anaconda3\lib\site-packages\nbclient\client.py", line 1112, in execute
    return NotebookClient(nb=nb, resources=resources, km=km, **kwargs).execute()
  File "C:\Users\shinki\Anaconda3\lib\site-packages\nbclient\util.py", line 74, in wrapped
    return just_run(coro(*args, **kwargs))
  File "C:\Users\shinki\Anaconda3\lib\site-packages\nbclient\util.py", line 53, in just_run
    return loop.run_until_complete(coro)
  File "C:\Users\shinki\Anaconda3\lib\asyncio\base_events.py", line 642, in run_until_complete
    return future.result()
  File "C:\Users\shinki\Anaconda3\lib\site-packages\nbclient\client.py", line 553, in async_execute
    await self.async_execute_cell(
  File "C:\Users\shinki\Anaconda3\lib\site-packages\nbclient\client.py", line 857, in async_execute_cell
    self._check_raise_for_error(cell, exec_reply)
  File "C:\Users\shinki\Anaconda3\lib\site-packages\nbclient\client.py", line 760, in _check_raise_for_error
    raise CellExecutionError.from_cell_and_msg(cell, exec_reply_content)
nbclient.exceptions.CellExecutionError: An error occurred while executing the following cell:
------------------
# Line space Test
print(np.linspace(start=0, stop=1, num=10))

print('\n')
import matplotlib.pyplot as plt
%matplotlib inline
import numpy as np
import pandas as pd

k_list = []
r_list = []
w_list = []

for k in list(np.linspace(0.2, 0.8)): # 0.2 ~ 0.8 ê¹Œì§€ 50 êµ¬ê°„ list 
    r, w = avg_r('005930', k)

    k_list.append(k)       
    r_list.append(r)
    w_list.append(w)

    
outcome = pd.DataFrame({'k': k_list, 'return': r_list, 'worst': w_list})    
print(outcome)
------------------

[1;31m---------------------------------------------------------------------------[0m
[1;31mNameError[0m                                 Traceback (most recent call last)
[1;32m~\AppData\Local\Temp\ipykernel_68564\1521610212.py[0m in [0;36m<module>[1;34m[0m
[0;32m      1[0m [1;31m# Line space Test[0m[1;33m[0m[1;33m[0m[0m
[1;32m----> 2[1;33m [0mprint[0m[1;33m([0m[0mnp[0m[1;33m.[0m[0mlinspace[0m[1;33m([0m[0mstart[0m[1;33m=[0m[1;36m0[0m[1;33m,[0m [0mstop[0m[1;33m=[0m[1;36m1[0m[1;33m,[0m [0mnum[0m[1;33m=[0m[1;36m10[0m[1;33m)[0m[1;33m)[0m[1;33m[0m[1;33m[0m[0m
[0m[0;32m      3[0m [1;33m[0m[0m
[0;32m      4[0m [0mprint[0m[1;33m([0m[1;34m'\n'[0m[1;33m)[0m[1;33m[0m[1;33m[0m[0m
[0;32m      5[0m [1;32mimport[0m [0mmatplotlib[0m[1;33m.[0m[0mpyplot[0m [1;32mas[0m [0mplt[0m[1;33m[0m[1;33m[0m[0m

[1;31mNameError[0m: name 'np' is not defined
NameError: name 'np' is not defined

